<?xml version="1.0" encoding="UTF-8"?>
<testsuite name="MIS Leave Management Activities #2" tests="2" skipped="0" failures="0" errors="0" timestamp="2022-10-13T19:35:19" hostname="GEMPK-200035" time="151.039">
  <properties/>
  <testcase name="Navigate to Leave Management &gt; LWP Change Request tab" classname="MIS Leave Management Activities #2" time="70.837"/>
  <testcase name="Verify Date, Type of leave and Reason fields are mandatory" classname="MIS Leave Management Activities #2" time="80.202"/>
  <system-out><![CDATA[]]></system-out>
  <system-err><![CDATA[Starting ChromeDriver 106.0.5249.61 (511755355844955cd3e264779baf0dd38212a4d0-refs/branch-heads/5249@{#569}) on port 27721
Only local connections are allowed.
Please see https://chromedriver.chromium.org/security-considerations for suggestions on keeping ChromeDriver safe.
ChromeDriver was started successfully.
Oct 14, 2022 1:05:20 AM org.openqa.selenium.remote.ProtocolHandshake createSession
INFO: Detected dialect: W3C
Starting ChromeDriver 106.0.5249.61 (511755355844955cd3e264779baf0dd38212a4d0-refs/branch-heads/5249@{#569}) on port 48264
Only local connections are allowed.
Please see https://chromedriver.chromium.org/security-considerations for suggestions on keeping ChromeDriver safe.
ChromeDriver was started successfully.
Oct 14, 2022 1:06:31 AM org.openqa.selenium.remote.ProtocolHandshake createSession
INFO: Detected dialect: W3C
]]></system-err>
</testsuite>
