<?xml version="1.0" encoding="UTF-8"?>
<testsuite name="Perform actions on Dashboard of MIS website" tests="1" skipped="0" failures="0" errors="0" timestamp="2022-10-13T20:10:27" hostname="GEMPK-200035" time="27.002">
  <properties/>
  <testcase name="Select a month and verify" classname="Perform actions on Dashboard of MIS website" time="27.002"/>
  <system-out><![CDATA[]]></system-out>
  <system-err><![CDATA[Starting ChromeDriver 106.0.5249.61 (511755355844955cd3e264779baf0dd38212a4d0-refs/branch-heads/5249@{#569}) on port 9440
Only local connections are allowed.
Please see https://chromedriver.chromium.org/security-considerations for suggestions on keeping ChromeDriver safe.
ChromeDriver was started successfully.
Oct 14, 2022 1:40:28 AM org.openqa.selenium.remote.ProtocolHandshake createSession
INFO: Detected dialect: W3C
]]></system-err>
</testsuite>
