<?xml version="1.0" encoding="UTF-8"?>
<testsuite name="Reimbursement" tests="1" skipped="0" failures="0" errors="0" timestamp="2022-09-30T06:45:13" hostname="GEMGN-210079" time="26.587">
  <properties/>
  <testcase name="Verify if fCopy functionality is working properly" classname="Reimbursement" time="26.587"/>
  <system-out><![CDATA[]]></system-out>
  <system-err><![CDATA[Starting ChromeDriver 105.0.5195.52 (412c95e518836d8a7d97250d62b29c2ae6a26a85-refs/branch-heads/5195@{#853}) on port 64872
Only local connections are allowed.
Please see https://chromedriver.chromium.org/security-considerations for suggestions on keeping ChromeDriver safe.
ChromeDriver was started successfully.
Sep 30, 2022 12:15:16 PM org.openqa.selenium.remote.ProtocolHandshake createSession
INFO: Detected upstream dialect: W3C
Sep 30, 2022 12:15:16 PM org.openqa.selenium.devtools.CdpVersionFinder findNearestMatch
WARNING: Unable to find an exact match for CDP version 105, so returning the closest version found: 104
Sep 30, 2022 12:15:16 PM org.openqa.selenium.devtools.CdpVersionFinder findNearestMatch
INFO: Found CDP implementation for version 105 of 104
]]></system-err>
</testsuite>
