<?xml version="1.0" encoding="UTF-8"?>
<testsuite name="MIS Leave Management Activities" tests="1" skipped="0" failures="0" errors="0" timestamp="2022-09-26T06:09:10" hostname="GEMPK-200035" time="67.385">
  <properties/>
  <testcase name="Navigate to Leave Management &gt; WFH tab" classname="MIS Leave Management Activities" time="67.385"/>
  <system-out><![CDATA[]]></system-out>
  <system-err><![CDATA[Starting ChromeDriver 105.0.5195.52 (412c95e518836d8a7d97250d62b29c2ae6a26a85-refs/branch-heads/5195@{#853}) on port 50176
Only local connections are allowed.
Please see https://chromedriver.chromium.org/security-considerations for suggestions on keeping ChromeDriver safe.
ChromeDriver was started successfully.
Sep 26, 2022 11:39:15 AM org.openqa.selenium.remote.ProtocolHandshake createSession
INFO: Detected upstream dialect: W3C
Sep 26, 2022 11:39:16 AM org.openqa.selenium.devtools.CdpVersionFinder findNearestMatch
WARNING: Unable to find an exact match for CDP version 105, so returning the closest version found: 104
Sep 26, 2022 11:39:16 AM org.openqa.selenium.devtools.CdpVersionFinder findNearestMatch
INFO: Found CDP implementation for version 105 of 104
]]></system-err>
</testsuite>
