<?xml version="1.0" encoding="UTF-8"?>
<testsuite name="Perform actions on Organization Structure of MIS website" tests="1" skipped="0" failures="0" errors="0" timestamp="2022-09-30T08:59:33" hostname="GEMGN-210082" time="146.608">
  <properties/>
  <testcase name="MIS_OrgStructure_ZoomInZoomOut" classname="Perform actions on Organization Structure of MIS website" time="146.608"/>
  <system-out><![CDATA[]]></system-out>
  <system-err><![CDATA[Starting ChromeDriver 105.0.5195.52 (412c95e518836d8a7d97250d62b29c2ae6a26a85-refs/branch-heads/5195@{#853}) on port 54848
Only local connections are allowed.
Please see https://chromedriver.chromium.org/security-considerations for suggestions on keeping ChromeDriver safe.
ChromeDriver was started successfully.
Sep 30, 2022 2:29:36 PM org.openqa.selenium.remote.ProtocolHandshake createSession
INFO: Detected upstream dialect: W3C
Sep 30, 2022 2:29:36 PM org.openqa.selenium.devtools.CdpVersionFinder findNearestMatch
WARNING: Unable to find an exact match for CDP version 105, so returning the closest version found: 104
Sep 30, 2022 2:29:36 PM org.openqa.selenium.devtools.CdpVersionFinder findNearestMatch
INFO: Found CDP implementation for version 105 of 104
Sep 30, 2022 2:29:37 PM com.gemini.mis.pages.GenericFunc launchMISBeta
INFO: Navigation to MIS beta successful
Sep 30, 2022 2:29:39 PM com.gemini.mis.pages.GenericFunc loginToMIS
INFO: Login to MIS successful
Sep 30, 2022 2:29:45 PM com.gemini.mis.pages.GenericFunc navigateToPage
INFO: Organization Structure is displayed in side menu list
Sep 30, 2022 2:29:47 PM com.gemini.mis.pages.GenericFunc verifyPage
INFO: Organization Structure is opened successfully
Sep 30, 2022 2:29:48 PM com.gemini.mis.pages.OrgStructFunc confirmSideArrows
INFO: Side arrows present on the page
Sep 30, 2022 2:31:21 PM com.gemini.mis.pages.OrgStructFunc zoomInOrgStuct
INFO: Organization structure zoomed in successfully
Sep 30, 2022 2:31:58 PM com.gemini.mis.pages.OrgStructFunc zoomOutOrgStuct
INFO: Organization structure zoomed out successfully
Sep 30, 2022 2:31:59 PM com.gemini.mis.pages.GenericFunc optUserMenuAction
INFO: Dropdown menu is displayed
Sep 30, 2022 2:31:59 PM com.gemini.mis.pages.CommonFunc validateText
INFO: Actual text is equal to the expected text
Sep 30, 2022 2:31:59 PM com.gemini.mis.pages.GenericFunc optUserMenuAction
INFO: Logout from MIS successful
]]></system-err>
</testsuite>
